<?xml version="1.0" encoding="UTF-8"?>
<!-- Generated by org.testng.reporters.JUnitReportReporter -->
<testsuite hostname="IN-FVFH34CFQ05P.local" failures="0" tests="1" name="test.Simplepojo" time="2.887" errors="0" timestamp="2022-03-08T00:09:46 IST" skipped="0">
  <testcase classname="test.Simplepojo" name="test01" time="2.887"/>
  <system-out/>
</testsuite> <!-- test.Simplepojo -->
