<?xml version="1.0" encoding="UTF-8"?>
<!-- Generated by org.testng.reporters.JUnitReportReporter -->
<testsuite hostname="IN-FVFH34CFQ05P.local" failures="0" tests="3" name="test.deserializeDemo" time="8.113" errors="0" timestamp="2022-03-08T12:31:52 IST" skipped="0">
  <testcase classname="test.deserializeDemo" name="test01" time="3.142"/>
  <system-out/>
  <testcase classname="test.deserializeDemo" name="test01" time="2.618"/>
  <system-out/>
  <testcase classname="test.deserializeDemo" name="test01" time="2.353"/>
  <system-out/>
</testsuite> <!-- test.deserializeDemo -->
