<?xml version="1.0" encoding="UTF-8"?>
<!-- Generated by org.testng.reporters.JUnitReportReporter -->
<testsuite hostname="IN-FVFH34CFQ05P.local" failures="0" tests="2" name="test.SendRequestPayloadMultipleWays" time="3.141" errors="0" timestamp="2022-03-07T10:20:54 IST" skipped="1">
  <testcase classname="test.SendRequestPayloadMultipleWays" name="test02" time="3.141"/>
  <system-out/>
  <testcase classname="test.SendRequestPayloadMultipleWays" name="test01">
    <skipped/>
  </testcase> <!-- test01 -->
  <system-out/>
</testsuite> <!-- test.SendRequestPayloadMultipleWays -->
