<?xml version="1.0" encoding="UTF-8"?>
<!-- Generated by org.testng.reporters.JUnitReportReporter -->
<testsuite hostname="IN-FVFH34CFQ05P.local" failures="0" tests="5" name="test.QueryParams" time="0.447" errors="0" timestamp="2022-03-07T19:34:29 IST" skipped="4">
  <testcase classname="test.QueryParams" name="test05" time="0.447"/>
  <system-out/>
  <testcase classname="test.QueryParams" name="test01">
    <skipped/>
  </testcase> <!-- test01 -->
  <system-out/>
  <testcase classname="test.QueryParams" name="test04">
    <skipped/>
  </testcase> <!-- test04 -->
  <system-out/>
  <testcase classname="test.QueryParams" name="test02">
    <skipped/>
  </testcase> <!-- test02 -->
  <system-out/>
  <testcase classname="test.QueryParams" name="test03">
    <skipped/>
  </testcase> <!-- test03 -->
  <system-out/>
</testsuite> <!-- test.QueryParams -->
