<?xml version="1.0" encoding="UTF-8"?>
<!-- Generated by org.testng.reporters.JUnitReportReporter -->
<testsuite hostname="IN-FVFH34CFQ05P.local" failures="0" tests="9" name="test.HamcrestMatchers" time="3.118" errors="0" timestamp="2022-03-06T17:55:58 IST" skipped="8">
  <testcase classname="test.HamcrestMatchers" name="test9" time="3.118"/>
  <system-out/>
  <testcase classname="test.HamcrestMatchers" name="test2">
    <skipped/>
  </testcase> <!-- test2 -->
  <system-out/>
  <testcase classname="test.HamcrestMatchers" name="test3">
    <skipped/>
  </testcase> <!-- test3 -->
  <system-out/>
  <testcase classname="test.HamcrestMatchers" name="test4">
    <skipped/>
  </testcase> <!-- test4 -->
  <system-out/>
  <testcase classname="test.HamcrestMatchers" name="test5">
    <skipped/>
  </testcase> <!-- test5 -->
  <system-out/>
  <testcase classname="test.HamcrestMatchers" name="test6">
    <skipped/>
  </testcase> <!-- test6 -->
  <system-out/>
  <testcase classname="test.HamcrestMatchers" name="test7">
    <skipped/>
  </testcase> <!-- test7 -->
  <system-out/>
  <testcase classname="test.HamcrestMatchers" name="test8">
    <skipped/>
  </testcase> <!-- test8 -->
  <system-out/>
  <testcase classname="test.HamcrestMatchers" name="test1">
    <skipped/>
  </testcase> <!-- test1 -->
  <system-out/>
</testsuite> <!-- test.HamcrestMatchers -->
