<?xml version="1.0" encoding="UTF-8"?>
<!-- Generated by org.testng.reporters.JUnitReportReporter -->
<testsuite hostname="IN-FVFH34CFQ05P.local" failures="0" tests="1" name="test.createUserAssignment" time="1.272" errors="0" timestamp="2022-03-08T10:47:00 IST" skipped="0">
  <testcase classname="test.createUserAssignment" name="test01" time="1.272"/>
  <system-out/>
</testsuite> <!-- test.createUserAssignment -->
