<?xml version="1.0" encoding="UTF-8"?>
<!-- Generated by org.testng.reporters.JUnitReportReporter -->
<testsuite hostname="IN-FVFH34CFQ05P.local" failures="0" tests="3" name="test.PostRequest" time="2.941" errors="0" timestamp="2022-03-06T22:59:28 IST" skipped="2">
  <testcase classname="test.PostRequest" name="validate_delete_request" time="2.941"/>
  <system-out/>
  <testcase classname="test.PostRequest" name="validate_put_request">
    <skipped/>
  </testcase> <!-- validate_put_request -->
  <system-out/>
  <testcase classname="test.PostRequest" name="validate_post_request">
    <skipped/>
  </testcase> <!-- validate_post_request -->
  <system-out/>
</testsuite> <!-- test.PostRequest -->
