<?xml version="1.0" encoding="UTF-8"?>
<!-- Generated by org.testng.reporters.JUnitReportReporter -->
<testsuite hostname="IN-FVFH34CFQ05P.local" failures="0" tests="1" name="test.Filters" time="2.775" errors="0" timestamp="2022-03-07T22:36:46 IST" skipped="0">
  <testcase classname="test.Filters" name="test01" time="2.775"/>
  <system-out/>
</testsuite> <!-- test.Filters -->
