<?xml version="1.0" encoding="UTF-8"?>
<!-- Generated by org.testng.reporters.JUnitReportReporter -->
<testsuite hostname="IN-FVFH34CFQ05P.local" failures="0" tests="4" name="pack1.DynamicJson" time="1.189" errors="0" timestamp="2022-03-02T22:48:25 IST" skipped="0">
  <testcase classname="pack1.DynamicJson" name="addBook" time="0.876"/>
  <system-out/>
  <testcase classname="pack1.DynamicJson" name="deleteBook" time="0.105"/>
  <system-out/>
  <testcase classname="pack1.DynamicJson" name="deleteBook" time="0.097"/>
  <system-out/>
  <testcase classname="pack1.DynamicJson" name="addBook" time="0.111"/>
  <system-out/>
</testsuite> <!-- pack1.DynamicJson -->
