<?xml version="1.0" encoding="UTF-8"?>
<!-- Generated by org.testng.reporters.JUnitReportReporter -->
<testsuite hostname="IN-FVFH34CFQ05P.local" failures="0" tests="1" name="utilities.GetPayload" time="0.006" errors="0" timestamp="2022-03-07T16:23:53 IST" skipped="0">
  <testcase classname="utilities.GetPayload" name="getPayload" time="0.006"/>
  <system-out/>
</testsuite> <!-- utilities.GetPayload -->
